<?xml version="1.0" encoding="UTF-8"?>
<!-- Generated by org.testng.reporters.JUnitXMLReporter -->
<testsuite ignored="0" hostname="DESKTOP-OQ3P6LF" failures="0" tests="3" name="Default test" time="0.158" errors="0" timestamp="27 Jan 2024 17:15:52 GMT">
  <testcase classname="practiceTestNG.TestNGPractice" name="sendMail" time="0.013"/>
  <testcase classname="practiceTestNG.TestNGPractice" name="replyMail" time="0.002"/>
  <testcase classname="practiceTestNG.TestNGPractice" name="deleteMail" time="0.003"/>
</testsuite> <!-- Default test -->
