<?xml version="1.0" encoding="UTF-8"?>
<!-- Generated by org.testng.reporters.JUnitXMLReporter -->
<testsuite ignored="4" hostname="DESKTOP-OQ3P6LF" failures="0" tests="1" name="Default test" time="11.368" errors="0" timestamp="26 Jan 2024 17:15:12 GMT">
  <testcase classname="testScenarios.TestCases" name="bookTicketAndPrint" time="11.221"/>
  <testcase classname="testScenarios.TestCases" name="bookTicketAndCancel" time="0.0">
    <ignored/>
  </testcase> <!-- bookTicketAndCancel -->
  <testcase classname="testScenarios.TestCases" name="bookTicketPrintAndCancel" time="0.0">
    <ignored/>
  </testcase> <!-- bookTicketPrintAndCancel -->
  <testcase classname="testScenarios.TestCases" name="bookTicketAndCheckStatus" time="0.0">
    <ignored/>
  </testcase> <!-- bookTicketAndCheckStatus -->
  <testcase classname="testScenarios.TestCases" name="bookTicketAndTrackService" time="0.0">
    <ignored/>
  </testcase> <!-- bookTicketAndTrackService -->
</testsuite> <!-- Default test -->
