<?xml version="1.0" encoding="UTF-8"?>
<testng-results ignored="4" total="5" passed="1" failed="0" skipped="0">
  <reporter-output>
  </reporter-output>
  <suite started-at="2024-01-26T17:15:00Z" name="Default suite" finished-at="2024-01-26T17:15:12Z" duration-ms="11368">
    <groups>
    </groups>
    <test started-at="2024-01-26T17:15:00Z" name="Default test" finished-at="2024-01-26T17:15:12Z" duration-ms="11368">
      <class name="testScenarios.TestCases">
        <test-method signature="bookTicketAndPrint()[pri:0, instance:testScenarios.TestCases@1e8823d2]" started-at="2024-01-26T17:15:00Z" name="bookTicketAndPrint" finished-at="2024-01-26T17:15:12Z" duration-ms="11221" status="PASS">
          <reporter-output>
          </reporter-output>
        </test-method> <!-- bookTicketAndPrint -->
      </class> <!-- testScenarios.TestCases -->
    </test> <!-- Default test -->
  </suite> <!-- Default suite -->
</testng-results>
